[2014-12-25 14:35:54.639] [ERROR] mysql - Query [Lost connection to MySQL server during query] SQL [SHOW TABLES;]
[2014-12-25 14:35:54.639] [ERROR] mysql - Execute [MySQL server has gone away] SQL [CREATE TABLE `logs_4` (
`id` int(10) unsigned NOT NULL AUTO_INCREMENT,
`eid` int(10) unsigned NOT NULL DEFAULT "0",
`csid` int(10) unsigned NOT NULL DEFAULT "0",
`loss` int(6) unsigned NOT NULL DEFAULT "0",
`avg` decimal(10,2) NOT NULL DEFAULT "0.00",
`max` int(6) unsigned NOT NULL DEFAULT "0",
`min` int(6) unsigned NOT NULL DEFAULT "0",
`time` int(11) unsigned NOT NULL DEFAULT "0",
`create` int(11) unsigned NOT NULL DEFAULT "0",
`msg` text NOT NULL,
PRIMARY KEY (`id`)
) ENGINE=InnoDB DEFAULT CHARSET=utf8;]
[2014-12-25 17:22:59.761] [ERROR] mysql - Query [Lost connection to MySQL server during query] SQL [SELECT * FROM `equipments` WHERE 1=1  LIMIT 0, 11]
[2014-12-29 10:52:32.460] [ERROR] mysql - Query [Unknown column 'updated' in 'order clause'] SQL [SELECT * FROM `equipments` WHERE 1=1  ORDER BY `static` DESC, `updated` DESC LIMIT 0, 10]
[2014-12-30 18:13:41.677] [ERROR] mysql - Execute [You have an error in your SQL syntax; check the manual that corresponds to your MySQL server version for the right syntax to use near '`id`=undefined' at line 1] SQL [update `equipments` set `salt`=undefinedwhere `id`=undefined]
[2014-12-30 18:15:47.709] [ERROR] mysql - Execute [You have an error in your SQL syntax; check the manual that corresponds to your MySQL server version for the right syntax to use near '`id`=undefined' at line 1] SQL [update `equipments` set `salt`=undefinedwhere `id`=undefined]
[2014-12-30 18:20:57.147] [ERROR] mysql - Execute [You have an error in your SQL syntax; check the manual that corresponds to your MySQL server version for the right syntax to use near '`id`=22' at line 1] SQL [update `equipments` set `salt`=eeewhere `id`=22]
[2014-12-30 18:21:30.752] [ERROR] mysql - Execute [Unknown column 'eee' in 'field list'] SQL [update `equipments` set `salt`=eee where `id`=25]
[2014-12-30 18:24:46.000] [ERROR] mysql - Execute [You have an error in your SQL syntax; check the manual that corresponds to your MySQL server version for the right syntax to use near '" where `id`='23'' at line 1] SQL [update `equipments` set `salt`= 'ddd'" where `id`='23']
[2015-01-04 10:44:30.863] [ERROR] mysql - Query [You have an error in your SQL syntax; check the manual that corresponds to your MySQL server version for the right syntax to use near '`and 0` = '1', `and 1` = '8', `and 2` = '3'' at line 1] SQL [SELECT COUNT(*) AS `count` FROM `equipments` WHERE 1=1 `and 0` = '1', `and 1` = '8', `and 2` = '3']
[2015-01-04 10:44:30.864] [ERROR] mysql - Query [You have an error in your SQL syntax; check the manual that corresponds to your MySQL server version for the right syntax to use near '`and 0` = '1', `and 1` = '8', `and 2` = '3' ORDER BY `static` DESC, `updated` DE' at line 1] SQL [SELECT * FROM `equipments` WHERE 1=1 `and 0` = '1', `and 1` = '8', `and 2` = '3' ORDER BY `static` DESC, `updated` DESC LIMIT 0, 10]
[2015-01-04 10:46:03.693] [ERROR] mysql - Query [You have an error in your SQL syntax; check the manual that corresponds to your MySQL server version for the right syntax to use near '`and 0` = '1' `and 1` = '8' `and 2` = '3'' at line 1] SQL [SELECT COUNT(*) AS `count` FROM `equipments` WHERE 1=1 `and 0` = '1' `and 1` = '8' `and 2` = '3']
[2015-01-04 10:46:03.695] [ERROR] mysql - Query [You have an error in your SQL syntax; check the manual that corresponds to your MySQL server version for the right syntax to use near '`and 0` = '1' `and 1` = '8' `and 2` = '3' ORDER BY `static` DESC, `updated` DESC' at line 1] SQL [SELECT * FROM `equipments` WHERE 1=1 `and 0` = '1' `and 1` = '8' `and 2` = '3' ORDER BY `static` DESC, `updated` DESC LIMIT 0, 10]
[2015-01-04 10:47:43.062] [ERROR] mysql - Query [You have an error in your SQL syntax; check the manual that corresponds to your MySQL server version for the right syntax to use near '`and ip` = '183'' at line 1] SQL [SELECT COUNT(*) AS `count` FROM `equipments` WHERE 1=1 `and ip` = '183']
[2015-01-04 10:47:43.063] [ERROR] mysql - Query [You have an error in your SQL syntax; check the manual that corresponds to your MySQL server version for the right syntax to use near '`and ip` = '183' ORDER BY `static` DESC, `updated` DESC LIMIT 0, 10' at line 1] SQL [SELECT * FROM `equipments` WHERE 1=1 `and ip` = '183' ORDER BY `static` DESC, `updated` DESC LIMIT 0, 10]
[2015-01-04 10:47:43.080] [ERROR] mysql - Query [You have an error in your SQL syntax; check the manual that corresponds to your MySQL server version for the right syntax to use near '`and nav-search-input` = '183'' at line 1] SQL [SELECT COUNT(*) AS `count` FROM `equipments` WHERE 1=1 `and nav-search-input` = '183']
[2015-01-04 10:47:43.082] [ERROR] mysql - Query [You have an error in your SQL syntax; check the manual that corresponds to your MySQL server version for the right syntax to use near '`and nav-search-input` = '183' ORDER BY `static` DESC, `updated` DESC LIMIT 0, 1' at line 1] SQL [SELECT * FROM `equipments` WHERE 1=1 `and nav-search-input` = '183' ORDER BY `static` DESC, `updated` DESC LIMIT 0, 10]
[2015-01-04 10:50:00.252] [ERROR] mysql - Query [Unknown column 'nav-search-input' in 'where clause'] SQL [SELECT COUNT(*) AS `count` FROM `equipments` WHERE 1=1  and `nav-search-input` = '183']
[2015-01-04 10:50:00.253] [ERROR] mysql - Query [Unknown column 'nav-search-input' in 'where clause'] SQL [SELECT * FROM `equipments` WHERE 1=1  and `nav-search-input` = '183' ORDER BY `static` DESC, `updated` DESC LIMIT 0, 10]
[2015-01-04 10:57:26.205] [ERROR] mysql - Query [You have an error in your SQL syntax; check the manual that corresponds to your MySQL server version for the right syntax to use near '%'183'%' at line 1] SQL [SELECT COUNT(*) AS `count` FROM `equipments` WHERE 1=1  and `ip` like %'183'%]
[2015-01-04 10:57:26.206] [ERROR] mysql - Query [You have an error in your SQL syntax; check the manual that corresponds to your MySQL server version for the right syntax to use near '%'183'% ORDER BY `static` DESC, `updated` DESC LIMIT 0, 10' at line 1] SQL [SELECT * FROM `equipments` WHERE 1=1  and `ip` like %'183'% ORDER BY `static` DESC, `updated` DESC LIMIT 0, 10]
[2015-01-04 10:57:26.213] [ERROR] mysql - Query [You have an error in your SQL syntax; check the manual that corresponds to your MySQL server version for the right syntax to use near '%'183'%' at line 1] SQL [SELECT COUNT(*) AS `count` FROM `equipments` WHERE 1=1  and `ip` like %'183'%]
[2015-01-04 10:57:26.214] [ERROR] mysql - Query [You have an error in your SQL syntax; check the manual that corresponds to your MySQL server version for the right syntax to use near '%'183'% ORDER BY `static` DESC, `updated` DESC LIMIT 0, 10' at line 1] SQL [SELECT * FROM `equipments` WHERE 1=1  and `ip` like %'183'% ORDER BY `static` DESC, `updated` DESC LIMIT 0, 10]
[2015-01-04 11:01:26.962] [ERROR] mysql - Query [You have an error in your SQL syntax; check the manual that corresponds to your MySQL server version for the right syntax to use near '%'183'%' at line 1] SQL [SELECT COUNT(*) AS `count` FROM `equipments` WHERE 1=1  and `ip` like %'183'%]
[2015-01-04 11:01:26.963] [ERROR] mysql - Query [You have an error in your SQL syntax; check the manual that corresponds to your MySQL server version for the right syntax to use near '%'183'% ORDER BY `static` DESC, `updated` DESC LIMIT 0, 10' at line 1] SQL [SELECT * FROM `equipments` WHERE 1=1  and `ip` like %'183'% ORDER BY `static` DESC, `updated` DESC LIMIT 0, 10]
[2015-01-04 11:01:26.971] [ERROR] mysql - Query [You have an error in your SQL syntax; check the manual that corresponds to your MySQL server version for the right syntax to use near '%'183'%' at line 1] SQL [SELECT COUNT(*) AS `count` FROM `equipments` WHERE 1=1  and `ip` like %'183'%]
[2015-01-04 11:01:26.972] [ERROR] mysql - Query [You have an error in your SQL syntax; check the manual that corresponds to your MySQL server version for the right syntax to use near '%'183'% ORDER BY `static` DESC, `updated` DESC LIMIT 0, 10' at line 1] SQL [SELECT * FROM `equipments` WHERE 1=1  and `ip` like %'183'% ORDER BY `static` DESC, `updated` DESC LIMIT 0, 10]
[2015-01-04 11:02:19.851] [ERROR] mysql - Query [You have an error in your SQL syntax; check the manual that corresponds to your MySQL server version for the right syntax to use near '%183%' at line 1] SQL [SELECT COUNT(*) AS `count` FROM `equipments` WHERE 1=1  and `ip` like %183%]
[2015-01-04 11:02:19.856] [ERROR] mysql - Query [You have an error in your SQL syntax; check the manual that corresponds to your MySQL server version for the right syntax to use near '%183%' at line 1] SQL [SELECT COUNT(*) AS `count` FROM `equipments` WHERE 1=1  and `ip` like %183%]
[2015-01-04 11:02:19.852] [ERROR] mysql - Query [You have an error in your SQL syntax; check the manual that corresponds to your MySQL server version for the right syntax to use near '%183% ORDER BY `static` DESC, `updated` DESC LIMIT 0, 10' at line 1] SQL [SELECT * FROM `equipments` WHERE 1=1  and `ip` like %183% ORDER BY `static` DESC, `updated` DESC LIMIT 0, 10]
[2015-01-04 11:02:19.858] [ERROR] mysql - Query [You have an error in your SQL syntax; check the manual that corresponds to your MySQL server version for the right syntax to use near '%183% ORDER BY `static` DESC, `updated` DESC LIMIT 0, 10' at line 1] SQL [SELECT * FROM `equipments` WHERE 1=1  and `ip` like %183% ORDER BY `static` DESC, `updated` DESC LIMIT 0, 10]
[2015-01-04 14:49:38.092] [ERROR] mysql - Query [Undeclared variable: NaN] SQL [SELECT * FROM `manager` WHERE 1=1  and `ip` like "%NULL%" ORDER BY `role` DESC LIMIT NaN, NULL]
[2015-01-04 14:49:38.094] [ERROR] mysql - Query [Unknown column 'ip' in 'where clause'] SQL [SELECT * FROM `manager` WHERE 1=1  and `ip` like "%NULL%" ORDER BY `role` DESC LIMIT 0, 10]
[2015-01-04 14:56:04.008] [ERROR] mysql - Query [Undeclared variable: NaN] SQL [SELECT * FROM `manager` WHERE 1=1  and `ip` like "%NULL%" ORDER BY `role` DESC LIMIT NaN, NULL]
[2015-01-04 14:56:04.009] [ERROR] mysql - Query [Unknown column 'ip' in 'where clause'] SQL [SELECT * FROM `manager` WHERE 1=1  and `ip` like "%NULL%" ORDER BY `role` DESC LIMIT 0, 10]
[2015-01-04 14:57:57.705] [ERROR] mysql - Query [Undeclared variable: NaN] SQL [SELECT * FROM `manager` WHERE 1=1  and `ip` like "%NULL%" ORDER BY `role` DESC LIMIT NaN, NULL]
[2015-01-04 14:57:57.707] [ERROR] mysql - Query [Unknown column 'ip' in 'where clause'] SQL [SELECT * FROM `manager` WHERE 1=1  and `ip` like "%NULL%" ORDER BY `role` DESC LIMIT 0, 10]
[2015-01-04 14:58:08.559] [ERROR] mysql - Query [Undeclared variable: NaN] SQL [SELECT * FROM `manager` WHERE 1=1  and `name` like "%" ORDER BY `role` DESC LIMIT NaN, NULL]
[2015-01-04 15:04:14.289] [ERROR] mysql - Query [Undeclared variable: NaN] SQL [SELECT * FROM `manager` WHERE 1=1  and `name` like "%" ORDER BY `role` DESC LIMIT NaN, NULL]
[2015-01-04 15:05:32.371] [ERROR] mysql - Query [Undeclared variable: NaN] SQL [SELECT * FROM `manager` WHERE 1=1  and `name` like "%" ORDER BY `role` DESC LIMIT NaN, NULL]
[2015-01-04 15:06:54.403] [ERROR] mysql - Query [Undeclared variable: NaN] SQL [SELECT * FROM `manager` WHERE 1=1  and `name` like "%" ORDER BY `role` DESC LIMIT NaN, NULL]
[2015-01-04 15:07:47.577] [ERROR] mysql - Query [Undeclared variable: NaN] SQL [SELECT * FROM `manager` WHERE 1=1  and `name` like "%" ORDER BY `role` DESC LIMIT NaN, NULL]
[2015-01-04 15:07:53.845] [ERROR] mysql - Query [Undeclared variable: NaN] SQL [SELECT * FROM `manager` WHERE 1=1  and `name` like "%" ORDER BY `role` DESC LIMIT NaN, NULL]
[2015-01-04 15:10:27.767] [ERROR] mysql - Query [Undeclared variable: NaN] SQL [SELECT * FROM `manager` WHERE 1=1  and `name` like "%" ORDER BY `role` DESC LIMIT NaN, NULL]
[2015-01-04 15:12:50.468] [ERROR] mysql - Query [Undeclared variable: NaN] SQL [SELECT * FROM `manager` WHERE 1=1  and `name` like "%" ORDER BY `role` DESC LIMIT NaN, NULL]
[2015-01-04 15:14:14.098] [ERROR] mysql - Query [Undeclared variable: NaN] SQL [SELECT * FROM `manager` WHERE 1=1  and `name` like "%" ORDER BY `role` DESC LIMIT NaN, NULL]
[2015-01-04 15:15:05.351] [ERROR] mysql - Query [Undeclared variable: NaN] SQL [SELECT * FROM `manager` WHERE 1=1  and `name` like "%" LIMIT NaN, NULL]
[2015-01-04 15:15:18.114] [ERROR] mysql - Query [Undeclared variable: NaN] SQL [SELECT * FROM `manager` WHERE 1=1  and `name` like "%" LIMIT NaN, NULL]
[2015-01-04 15:20:18.103] [ERROR] mysql - Query [Undeclared variable: NaN] SQL [SELECT * FROM `manager` WHERE 1=1  and `name` like "%" LIMIT NaN, NULL]
[2015-01-04 15:21:39.845] [ERROR] mysql - Query [Undeclared variable: NaN] SQL [SELECT * FROM `manager` WHERE 1=1  and `name` like "%" LIMIT NaN, NULL]
[2015-01-05 10:24:31.933] [ERROR] mysql - Query [You have an error in your SQL syntax; check the manual that corresponds to your MySQL server version for the right syntax to use near 'order by `role` DESC' at line 1] SQL [SELECT * FROM `manager` WHERE 1=1  and `name` like "%" LIMIT 0, 10  order by `role` DESC]
[2015-01-05 11:05:18.758] [ERROR] mysql - Execute [Unknown column 'bingo' in 'field list'] SQL [UPDATE `manager` SET `name`= bingo ,`email`= ddd ,`role`= 4 ,`su`= true ,`mo`= true ,`tu`= false ,`we`= false ,`th`= true ,`fr`= true ,`sa`= true WHERE `id`= 12]
[2015-01-05 11:17:52.516] [ERROR] mysql - Execute [You have an error in your SQL syntax; check the manual that corresponds to your MySQL server version for the right syntax to use near '.78.66:ddd) ,`updated`= 1420427872 WHERE `id`= 1' at line 1] SQL [UPDATE `equipments` SET `salt`= ddd ,`md5`= MD5(183.57.78.66:ddd) ,`updated`= 1420427872 WHERE `id`= 1]
[2015-01-05 12:09:50.561] [ERROR] mysql - Execute [You have an error in your SQL syntax; check the manual that corresponds to your MySQL server version for the right syntax to use near '.78.66:ccd)  WHERE `id`= 1' at line 1] SQL [UPDATE `equipments` SET `salt`= ccd ,`md5`= MD5(183.57.78.66:ccd)  WHERE `id`= 1]
[2015-01-05 12:11:33.974] [ERROR] mysql - Execute [You have an error in your SQL syntax; check the manual that corresponds to your MySQL server version for the right syntax to use near '.120.128:ede)  WHERE `id`= 37' at line 1] SQL [UPDATE `equipments` SET `salt`= ede ,`md5`= MD5(63.223.120.128:ede)  WHERE `id`= 37]
[2015-01-05 12:13:19.878] [ERROR] mysql - Execute [You have an error in your SQL syntax; check the manual that corresponds to your MySQL server version for the right syntax to use near '.120.128:ede)  WHERE `id`= 37' at line 1] SQL [UPDATE `equipments` SET `salt`= "ede ",`md5`= MD5(63.223.120.128:ede)  WHERE `id`= 37]
[2015-01-05 12:13:40.912] [ERROR] mysql - Execute [You have an error in your SQL syntax; check the manual that corresponds to your MySQL server version for the right syntax to use near '.78.66:3ee)  WHERE `id`= 1' at line 1] SQL [UPDATE `equipments` SET `salt`= "3ee" ,`md5`= MD5(183.57.78.66:3ee)  WHERE `id`= 1]
[2015-01-05 12:14:32.896] [ERROR] mysql - Execute [You have an error in your SQL syntax; check the manual that corresponds to your MySQL server version for the right syntax to use near '.78.66:eee) WHERE `id`= 1' at line 1] SQL [UPDATE `equipments` SET `salt`= eee ,`md5`= MD5(183.57.78.66:eee) WHERE `id`= 1]
[2015-01-05 12:16:16.467] [ERROR] mysql - Execute [You have an error in your SQL syntax; check the manual that corresponds to your MySQL server version for the right syntax to use near '.78.85:ddd) WHERE `id`= 18' at line 1] SQL [UPDATE `equipments` SET `salt`= ddd ,`md5`= MD5(183.57.78.85:ddd) WHERE `id`= 18]
[2015-01-05 14:19:36.027] [ERROR] mysql - Execute [You have an error in your SQL syntax; check the manual that corresponds to your MySQL server version for the right syntax to use near '14:19:36 WHERE `id`= 18' at line 1] SQL [UPDATE `equipments` SET `salt`= "eee" ,`md5`= MD5("183.57.78.85:eee") ,`updated`= 2015-01-05 14:19:36 WHERE `id`= 18]
